<?xml version="1.0" encoding="UTF-8"?>
<testsuite name="com.app.bookJeog.mapper.ETCTests" tests="1" skipped="0" failures="0" errors="0" timestamp="2025-05-12T00:45:35.912Z" hostname="KSG_LAPTOP" time="1.685">
  <properties/>
  <testcase name="openAITest()" classname="com.app.bookJeog.mapper.ETCTests" time="1.685"/>
  <system-out><![CDATA[09:45:31.804 [Test worker] INFO org.springframework.test.context.support.AnnotationConfigContextLoaderUtils -- Could not detect default configuration classes for test class [com.app.bookJeog.mapper.ETCTests]: ETCTests does not declare any static, non-private, non-final, nested classes annotated with @Configuration.
09:45:31.942 [Test worker] INFO org.springframework.boot.test.context.SpringBootTestContextBootstrapper -- Found @SpringBootConfiguration com.app.bookJeog.BookjeogApplication for test class com.app.bookJeog.mapper.ETCTests

  .   ____          _            __ _ _
 /\\ / ___'_ __ _ _(_)_ __  __ _ \ \ \ \
( ( )\___ | '_ | '_| | '_ \/ _` | \ \ \ \
 \\/  ___)| |_)| | | | | || (_| |  ) ) ) )
  '  |____| .__|_| |_|_| |_\__, | / / / /
 =========|_|==============|___/=/_/_/_/

 :: Spring Boot ::                (v3.4.4)

2025-05-12T09:45:32.354+09:00  INFO 7048 --- [    Test worker] com.app.bookJeog.mapper.ETCTests         : Starting ETCTests using Java 17.0.10 with PID 7048 (started by kimsk in O:\gb_0900_ksg\spring\workspace\bjseoul)
2025-05-12T09:45:32.355+09:00  INFO 7048 --- [    Test worker] com.app.bookJeog.mapper.ETCTests         : No active profile set, falling back to 1 default profile: "default"
2025-05-12T09:45:35.101+09:00  INFO 7048 --- [    Test worker] o.s.b.a.w.s.WelcomePageHandlerMapping    : Adding welcome page template: index
2025-05-12T09:45:35.140+09:00  INFO 7048 --- [    Test worker] o.s.v.b.OptionalValidatorFactoryBean     : Failed to set up a Bean Validation provider: jakarta.validation.NoProviderFoundException: Unable to create a Configuration, because no Jakarta Bean Validation provider could be found. Add a provider like Hibernate Validator (RI) to your classpath.
2025-05-12T09:45:35.711+09:00  INFO 7048 --- [    Test worker] org.quartz.impl.StdSchedulerFactory      : Using default implementation for ThreadExecutor
2025-05-12T09:45:35.726+09:00  INFO 7048 --- [    Test worker] org.quartz.core.SchedulerSignalerImpl    : Initialized Scheduler Signaller of type: class org.quartz.core.SchedulerSignalerImpl
2025-05-12T09:45:35.726+09:00  INFO 7048 --- [    Test worker] org.quartz.core.QuartzScheduler          : Quartz Scheduler v.2.3.2 created.
2025-05-12T09:45:35.728+09:00  INFO 7048 --- [    Test worker] org.quartz.simpl.RAMJobStore             : RAMJobStore initialized.
2025-05-12T09:45:35.730+09:00  INFO 7048 --- [    Test worker] org.quartz.core.QuartzScheduler          : Scheduler meta-data: Quartz Scheduler (v2.3.2) 'quartzScheduler' with instanceId 'NON_CLUSTERED'
  Scheduler class: 'org.quartz.core.QuartzScheduler' - running locally.
  NOT STARTED.
  Currently in standby mode.
  Number of jobs executed: 0
  Using thread pool 'org.quartz.simpl.SimpleThreadPool' - with 10 threads.
  Using job-store 'org.quartz.simpl.RAMJobStore' - which does not support persistence. and is not clustered.

2025-05-12T09:45:35.730+09:00  INFO 7048 --- [    Test worker] org.quartz.impl.StdSchedulerFactory      : Quartz scheduler 'quartzScheduler' initialized from an externally provided properties instance.
2025-05-12T09:45:35.730+09:00  INFO 7048 --- [    Test worker] org.quartz.impl.StdSchedulerFactory      : Quartz scheduler version: 2.3.2
2025-05-12T09:45:35.730+09:00  INFO 7048 --- [    Test worker] org.quartz.core.QuartzScheduler          : JobFactory set to: org.springframework.scheduling.quartz.SpringBeanJobFactory@44c27b8b
2025-05-12T09:45:35.804+09:00  INFO 7048 --- [    Test worker] .w.s.a.s.AnnotationActionEndpointMapping : Supporting [WS-Addressing August 2004, WS-Addressing 1.0]
2025-05-12T09:45:35.853+09:00  INFO 7048 --- [    Test worker] o.s.s.quartz.SchedulerFactoryBean        : Starting Quartz Scheduler now
2025-05-12T09:45:35.853+09:00  INFO 7048 --- [    Test worker] org.quartz.core.QuartzScheduler          : Scheduler quartzScheduler_$_NON_CLUSTERED started.
2025-05-12T09:45:35.886+09:00  INFO 7048 --- [    Test worker] com.app.bookJeog.mapper.ETCTests         : Started ETCTests in 3.794 seconds (process running for 4.946)
2025-05-12T09:45:37.165+09:00  INFO 7048 --- [    Test worker] com.zaxxer.hikari.HikariDataSource       : HikariPool-1 - Starting...
2025-05-12T09:45:37.439+09:00  INFO 7048 --- [    Test worker] com.zaxxer.hikari.pool.HikariPool        : HikariPool-1 - Added connection com.mysql.cj.jdbc.ConnectionImpl@6771fc29
2025-05-12T09:45:37.443+09:00  INFO 7048 --- [    Test worker] com.zaxxer.hikari.HikariDataSource       : HikariPool-1 - Start completed.
2025-05-12T09:45:37.582+09:00  INFO 7048 --- [    Test worker] com.app.bookJeog.mapper.ETCTests         : [NoticeInfoDTO(noticeVO=NoticeVO(id=1, noticeTitle=312324142121314313wqeqwrerqer, noticeText=124124124124124werrtqwrtetqtewt), fileVO=null)]
]]></system-out>
  <system-err><![CDATA[]]></system-err>
</testsuite>
